build/outputs/logs/manifest-merger-debug-report.txt
-- Merging decision tree log ---
manifest
ADDED from AndroidStudioProjects/PowerImageViewTest/AndroidManifest.xml:2:1-30:12
	package
		ADDED from AndroidStudioProjects/PowerImageViewTest/AndroidManifest.xml:3:5-45
	android:versionName
		ADDED from AndroidStudioProjects/PowerImageViewTest/AndroidManifest.xml:5:5-30
		INJECTED from AndroidStudioProjects/PowerImageViewTest/AndroidManifest.xml
		INJECTED from AndroidStudioProjects/PowerImageViewTest/AndroidManifest.xml
	android:versionCode
		ADDED from AndroidStudioProjects/PowerImageViewTest/AndroidManifest.xml:4:5-28
		INJECTED from AndroidStudioProjects/PowerImageViewTest/AndroidManifest.xml
		INJECTED from AndroidStudioProjects/PowerImageViewTest/AndroidManifest.xml
	xmlns:android
		ADDED from AndroidStudioProjects/PowerImageViewTest/AndroidManifest.xml:2:11-69
uses-sdk
ADDED from AndroidStudioProjects/PowerImageViewTest/AndroidManifest.xml:7:5-9:41
	android:targetSdkVersion
		ADDED from AndroidStudioProjects/PowerImageViewTest/AndroidManifest.xml:9:9-38
	android:minSdkVersion
		ADDED from AndroidStudioProjects/PowerImageViewTest/AndroidManifest.xml:8:9-35
application
ADDED from AndroidStudioProjects/PowerImageViewTest/AndroidManifest.xml:11:5-28:19
	android:label
		ADDED from AndroidStudioProjects/PowerImageViewTest/AndroidManifest.xml:14:9-41
	android:allowBackup
		ADDED from AndroidStudioProjects/PowerImageViewTest/AndroidManifest.xml:12:9-35
	android:icon
		ADDED from AndroidStudioProjects/PowerImageViewTest/AndroidManifest.xml:13:9-45
	android:theme
		ADDED from AndroidStudioProjects/PowerImageViewTest/AndroidManifest.xml:15:9-40
activity#com.example.powerimageviewtest.MainActivity
ADDED from AndroidStudioProjects/PowerImageViewTest/AndroidManifest.xml:19:9-27:20
	android:label
		ADDED from AndroidStudioProjects/PowerImageViewTest/AndroidManifest.xml:21:13-45
	android:name
		ADDED from AndroidStudioProjects/PowerImageViewTest/AndroidManifest.xml:20:13-71
intent-filter#android.intent.action.MAIN+android.intent.category.LAUNCHER
ADDED from AndroidStudioProjects/PowerImageViewTest/AndroidManifest.xml:22:13-26:29
action#android.intent.action.MAIN
ADDED from AndroidStudioProjects/PowerImageViewTest/AndroidManifest.xml:23:17-69
	android:name
		ADDED from AndroidStudioProjects/PowerImageViewTest/AndroidManifest.xml:23:25-66
category#android.intent.category.LAUNCHER
ADDED from AndroidStudioProjects/PowerImageViewTest/AndroidManifest.xml:25:17-77
	android:name
		ADDED from AndroidStudioProjects/PowerImageViewTest/AndroidManifest.xml:25:27-74